<?xml version="1.0" encoding="UTF-8"?>
<!-- Generated by org.testng.reporters.JUnitReportReporter -->
<testsuite hostname="MANOJ-KUMAR" failures="0" tests="1" name="users.NewProjectTest" time="18.857" errors="0" timestamp="2022-03-02T15:29:43 IST" skipped="0">
  <testcase classname="users.NewProjectTest" name="Go_To_Tasks" time="18.857"/>
  <system-out/>
</testsuite> <!-- users.NewProjectTest -->
