<?xml version="1.0" encoding="UTF-8"?>
<!-- Generated by org.testng.reporters.JUnitReportReporter -->
<testsuite hostname="MANOJ-KUMAR" failures="0" tests="1" name="users.NewProjectTestCase" time="15.774" errors="0" timestamp="2022-02-28T17:59:38 IST" skipped="0">
  <testcase classname="users.NewProjectTestCase" name="Go_To_Tasks" time="15.774"/>
  <system-out/>
</testsuite> <!-- users.NewProjectTestCase -->
