<?xml version="1.0" encoding="UTF-8"?>
<!-- Generated by org.testng.reporters.JUnitReportReporter -->
<testsuite hostname="MANOJ-KUMAR" failures="0" tests="1" name="users.NewCustomerTest" time="21.203" errors="0" timestamp="2022-03-02T14:58:44 IST" skipped="0">
  <testcase classname="users.NewCustomerTest" name="Go_To_Tasks" time="21.203"/>
  <system-out/>
</testsuite> <!-- users.NewCustomerTest -->
