<?xml version="1.0" encoding="UTF-8"?>
<!-- Generated by org.testng.reporters.JUnitReportReporter -->
<testsuite hostname="MANOJ-KUMAR" failures="0" tests="1" name="users.NewCustomerTest" time="17.082" errors="0" timestamp="2022-03-02T18:58:01 IST" skipped="0">
  <testcase classname="users.NewCustomerTest" name="Go_To_Tasks" time="17.082"/>
  <system-out/>
</testsuite> <!-- users.NewCustomerTest -->
